-------------------------------------------------------------------------------
Test set: com.data.aggr.test.DataAggreAPITest
-------------------------------------------------------------------------------
Tests run: 1, Failures: 0, Errors: 1, Skipped: 0, Time elapsed: 0.401 sec <<< FAILURE!
doPing(com.data.aggr.test.DataAggreAPITest)  Time elapsed: 0.148 sec  <<< ERROR!
java.lang.IllegalStateException: InjectionManagerFactory not found.
	at org.glassfish.jersey.internal.inject.Injections.lambda$lookupInjectionManagerFactory$0(Injections.java:98)
	at java.util.Optional.orElseThrow(Optional.java:290)
	at org.glassfish.jersey.internal.inject.Injections.lookupInjectionManagerFactory(Injections.java:98)
	at org.glassfish.jersey.internal.inject.Injections.createInjectionManager(Injections.java:68)
	at org.glassfish.jersey.client.ClientConfig$State.initRuntime(ClientConfig.java:432)
	at org.glassfish.jersey.internal.util.collection.Values$LazyValueImpl.get(Values.java:341)
	at org.glassfish.jersey.client.ClientConfig.getRuntime(ClientConfig.java:826)
	at org.glassfish.jersey.client.ClientRequest.getConfiguration(ClientRequest.java:285)
	at org.glassfish.jersey.client.JerseyInvocation.validateHttpMethodAndEntity(JerseyInvocation.java:143)
	at org.glassfish.jersey.client.JerseyInvocation.<init>(JerseyInvocation.java:112)
	at org.glassfish.jersey.client.JerseyInvocation.<init>(JerseyInvocation.java:108)
	at org.glassfish.jersey.client.JerseyInvocation.<init>(JerseyInvocation.java:99)
	at org.glassfish.jersey.client.JerseyInvocation$Builder.method(JerseyInvocation.java:419)
	at org.glassfish.jersey.client.JerseyInvocation$Builder.get(JerseyInvocation.java:319)
	at com.data.aggr.test.DataAggreAPITest.doPing(DataAggreAPITest.java:57)
	at sun.reflect.NativeMethodAccessorImpl.invoke0(Native Method)
	at sun.reflect.NativeMethodAccessorImpl.invoke(NativeMethodAccessorImpl.java:62)
	at sun.reflect.DelegatingMethodAccessorImpl.invoke(DelegatingMethodAccessorImpl.java:43)
	at java.lang.reflect.Method.invoke(Method.java:498)
	at org.junit.runners.model.FrameworkMethod$1.runReflectiveCall(FrameworkMethod.java:50)
	at org.junit.internal.runners.model.ReflectiveCallable.run(ReflectiveCallable.java:12)
	at org.junit.runners.model.FrameworkMethod.invokeExplosively(FrameworkMethod.java:47)
	at org.junit.internal.runners.statements.InvokeMethod.evaluate(InvokeMethod.java:17)
	at org.junit.internal.runners.statements.RunBefores.evaluate(RunBefores.java:26)
	at org.junit.runners.ParentRunner.runLeaf(ParentRunner.java:325)
	at org.junit.runners.BlockJUnit4ClassRunner.runChild(BlockJUnit4ClassRunner.java:78)
	at org.junit.runners.BlockJUnit4ClassRunner.runChild(BlockJUnit4ClassRunner.java:57)
	at org.junit.runners.ParentRunner$3.run(ParentRunner.java:290)
	at org.junit.runners.ParentRunner$1.schedule(ParentRunner.java:71)
	at org.junit.runners.ParentRunner.runChildren(ParentRunner.java:288)
	at org.junit.runners.ParentRunner.access$000(ParentRunner.java:58)
	at org.junit.runners.ParentRunner$2.evaluate(ParentRunner.java:268)
	at org.junit.runners.ParentRunner.run(ParentRunner.java:363)
	at org.apache.maven.surefire.junit4.JUnit4TestSet.execute(JUnit4TestSet.java:45)
	at org.apache.maven.surefire.junit4.JUnit4Provider.executeTestSet(JUnit4Provider.java:123)
	at org.apache.maven.surefire.junit4.JUnit4Provider.invoke(JUnit4Provider.java:104)
	at sun.reflect.NativeMethodAccessorImpl.invoke0(Native Method)
	at sun.reflect.NativeMethodAccessorImpl.invoke(NativeMethodAccessorImpl.java:62)
	at sun.reflect.DelegatingMethodAccessorImpl.invoke(DelegatingMethodAccessorImpl.java:43)
	at java.lang.reflect.Method.invoke(Method.java:498)
	at org.apache.maven.surefire.util.ReflectionUtils.invokeMethodWithArray(ReflectionUtils.java:164)
	at org.apache.maven.surefire.booter.ProviderFactory$ProviderProxy.invoke(ProviderFactory.java:110)
	at org.apache.maven.surefire.booter.SurefireStarter.invokeProvider(SurefireStarter.java:175)
	at org.apache.maven.surefire.booter.SurefireStarter.runSuitesInProcessWhenForked(SurefireStarter.java:107)
	at org.apache.maven.surefire.booter.ForkedBooter.main(ForkedBooter.java:68)
